-------------------------------------------------------------------------------
Test set: com.programmingtechi.productservice.ProductServiceApplicationTests
-------------------------------------------------------------------------------
Tests run: 1, Failures: 1, Errors: 0, Skipped: 0, Time elapsed: 41.173 s <<< FAILURE! - in com.programmingtechi.productservice.ProductServiceApplicationTests
shouldCreateProduct  Time elapsed: 1.791 s  <<< FAILURE!
org.opentest4j.AssertionFailedError: expected: <10> but was: <11>
	at com.programmingtechi.productservice.ProductServiceApplicationTests.shouldCreateProduct(ProductServiceApplicationTests.java:52)

